This file contains any messages produced by compilers while
running configure, to aid debugging if configure makes a mistake.

It was created by iris configure 0.1, which was
generated by GNU Autoconf 2.68.  Invocation command line was

  $ /home/avishek/iris/configure --enable-maintainer-mode --enable-maintainer-mode CFLAGS=-g -O0 CXXFLAGS=-g -O0 JFLAGS=-g -O0 FFLAGS=-g -O0

## --------- ##
## Platform. ##
## --------- ##

hostname = Renderman
uname -m = x86_64
uname -r = 2.6.38.8-35.fc15.x86_64
uname -s = Linux
uname -v = #1 SMP Wed Jul 6 13:58:54 UTC 2011

/usr/bin/uname -p = unknown
/bin/uname -X     = unknown

/bin/arch              = x86_64
/usr/bin/arch -k       = unknown
/usr/convex/getsysinfo = unknown
/usr/bin/hostinfo      = unknown
/bin/machine           = unknown
/usr/bin/oslevel       = unknown
/bin/universe          = unknown

PATH: /opt/bin
PATH: /opt/bin
PATH: /usr/local/bin
PATH: /usr/bin
PATH: /bin
PATH: /usr/local/sbin
PATH: /usr/sbin
PATH: /sbin
PATH: /home/avishek/bin
PATH: /home/avishek/Downloads/neroaacenc/linux
PATH: /home/avishek/Downloads/RubyMine/RubyMine-3.1.1/bin


## ----------- ##
## Core tests. ##
## ----------- ##

configure:2417: checking for a BSD-compatible install
configure:2485: result: /usr/bin/install -c
configure:2496: checking whether build environment is sane
configure:2546: result: yes
configure:2687: checking for a thread-safe mkdir -p
configure:2726: result: /bin/mkdir -p
configure:2739: checking for gawk
configure:2755: found /usr/bin/gawk
configure:2766: result: gawk
configure:2777: checking whether make sets $(MAKE)
configure:2799: result: yes
configure:2882: checking whether to enable maintainer-specific portions of Makefiles
configure:2891: result: yes
configure:2963: checking for g++
configure:2979: found /usr/bin/g++
configure:2990: result: g++
configure:3017: checking for C++ compiler version
configure:3026: g++ --version >&5
g++ (GCC) 4.6.0 20110530 (Red Hat 4.6.0-9)
Copyright (C) 2011 Free Software Foundation, Inc.
This is free software; see the source for copying conditions.  There is NO
warranty; not even for MERCHANTABILITY or FITNESS FOR A PARTICULAR PURPOSE.

configure:3037: $? = 0
configure:3026: g++ -v >&5
Using built-in specs.
COLLECT_GCC=g++
COLLECT_LTO_WRAPPER=/usr/libexec/gcc/x86_64-redhat-linux/4.6.0/lto-wrapper
Target: x86_64-redhat-linux
Configured with: ../configure --prefix=/usr --mandir=/usr/share/man --infodir=/usr/share/info --with-bugurl=http://bugzilla.redhat.com/bugzilla --enable-bootstrap --enable-shared --enable-threads=posix --enable-checking=release --with-system-zlib --enable-__cxa_atexit --disable-libunwind-exceptions --enable-gnu-unique-object --enable-linker-build-id --enable-languages=c,c++,objc,obj-c++,java,fortran,ada,go,lto --enable-plugin --enable-java-awt=gtk --disable-dssi --with-java-home=/usr/lib/jvm/java-1.5.0-gcj-1.5.0.0/jre --enable-libgcj-multifile --enable-java-maintainer-mode --with-ecj-jar=/usr/share/java/eclipse-ecj.jar --disable-libjava-multilib --with-ppl --with-cloog --with-tune=generic --with-arch_32=i686 --build=x86_64-redhat-linux
Thread model: posix
gcc version 4.6.0 20110530 (Red Hat 4.6.0-9) (GCC) 
configure:3037: $? = 0
configure:3026: g++ -V >&5
g++: error: unrecognized option '-V'
g++: fatal error: no input files
compilation terminated.
configure:3037: $? = 4
configure:3026: g++ -qversion >&5
g++: error: unrecognized option '-qversion'
g++: fatal error: no input files
compilation terminated.
configure:3037: $? = 4
configure:3057: checking whether the C++ compiler works
configure:3079: g++ -g -O0   conftest.cpp  >&5
configure:3083: $? = 0
configure:3131: result: yes
configure:3134: checking for C++ compiler default output file name
configure:3136: result: a.out
configure:3142: checking for suffix of executables
configure:3149: g++ -o conftest -g -O0   conftest.cpp  >&5
configure:3153: $? = 0
configure:3175: result: 
configure:3197: checking whether we are cross compiling
configure:3205: g++ -o conftest -g -O0   conftest.cpp  >&5
configure:3209: $? = 0
configure:3216: ./conftest
configure:3220: $? = 0
configure:3235: result: no
configure:3240: checking for suffix of object files
configure:3262: g++ -c -g -O0  conftest.cpp >&5
configure:3266: $? = 0
configure:3287: result: o
configure:3291: checking whether we are using the GNU C++ compiler
configure:3310: g++ -c -g -O0  conftest.cpp >&5
configure:3310: $? = 0
configure:3319: result: yes
configure:3328: checking whether g++ accepts -g
configure:3348: g++ -c -g  conftest.cpp >&5
configure:3348: $? = 0
configure:3389: result: yes
configure:3423: checking for style of include used by make
configure:3451: result: GNU
configure:3476: checking dependency style of g++
configure:3586: result: gcc3
configure:3660: checking for gcc
configure:3676: found /usr/bin/gcc
configure:3687: result: gcc
configure:3916: checking for C compiler version
configure:3925: gcc --version >&5
gcc (GCC) 4.6.0 20110530 (Red Hat 4.6.0-9)
Copyright (C) 2011 Free Software Foundation, Inc.
This is free software; see the source for copying conditions.  There is NO
warranty; not even for MERCHANTABILITY or FITNESS FOR A PARTICULAR PURPOSE.

configure:3936: $? = 0
configure:3925: gcc -v >&5
Using built-in specs.
COLLECT_GCC=gcc
COLLECT_LTO_WRAPPER=/usr/libexec/gcc/x86_64-redhat-linux/4.6.0/lto-wrapper
Target: x86_64-redhat-linux
Configured with: ../configure --prefix=/usr --mandir=/usr/share/man --infodir=/usr/share/info --with-bugurl=http://bugzilla.redhat.com/bugzilla --enable-bootstrap --enable-shared --enable-threads=posix --enable-checking=release --with-system-zlib --enable-__cxa_atexit --disable-libunwind-exceptions --enable-gnu-unique-object --enable-linker-build-id --enable-languages=c,c++,objc,obj-c++,java,fortran,ada,go,lto --enable-plugin --enable-java-awt=gtk --disable-dssi --with-java-home=/usr/lib/jvm/java-1.5.0-gcj-1.5.0.0/jre --enable-libgcj-multifile --enable-java-maintainer-mode --with-ecj-jar=/usr/share/java/eclipse-ecj.jar --disable-libjava-multilib --with-ppl --with-cloog --with-tune=generic --with-arch_32=i686 --build=x86_64-redhat-linux
Thread model: posix
gcc version 4.6.0 20110530 (Red Hat 4.6.0-9) (GCC) 
configure:3936: $? = 0
configure:3925: gcc -V >&5
gcc: error: unrecognized option '-V'
gcc: fatal error: no input files
compilation terminated.
configure:3936: $? = 4
configure:3925: gcc -qversion >&5
gcc: error: unrecognized option '-qversion'
gcc: fatal error: no input files
compilation terminated.
configure:3936: $? = 4
configure:3940: checking whether we are using the GNU C compiler
configure:3959: gcc -c -g -O0  conftest.c >&5
configure:3959: $? = 0
configure:3968: result: yes
configure:3977: checking whether gcc accepts -g
configure:3997: gcc -c -g  conftest.c >&5
configure:3997: $? = 0
configure:4038: result: yes
configure:4055: checking for gcc option to accept ISO C89
configure:4119: gcc  -c -g -O0  conftest.c >&5
configure:4119: $? = 0
configure:4132: result: none needed
configure:4154: checking dependency style of gcc
configure:4264: result: gcc3
configure:4285: checking how to run the C preprocessor
configure:4316: gcc -E  conftest.c
configure:4316: $? = 0
configure:4330: gcc -E  conftest.c
conftest.c:12:28: fatal error: ac_nonexistent.h: No such file or directory
compilation terminated.
configure:4330: $? = 1
configure: failed program was:
| /* confdefs.h */
| #define PACKAGE_NAME "iris"
| #define PACKAGE_TARNAME "iris"
| #define PACKAGE_VERSION "0.1"
| #define PACKAGE_STRING "iris 0.1"
| #define PACKAGE_BUGREPORT ""
| #define PACKAGE_URL ""
| #define PACKAGE "iris"
| #define VERSION "0.1"
| #define GETTEXT_PACKAGE "iris"
| /* end confdefs.h.  */
| #include <ac_nonexistent.h>
configure:4355: result: gcc -E
configure:4375: gcc -E  conftest.c
configure:4375: $? = 0
configure:4389: gcc -E  conftest.c
conftest.c:12:28: fatal error: ac_nonexistent.h: No such file or directory
compilation terminated.
configure:4389: $? = 1
configure: failed program was:
| /* confdefs.h */
| #define PACKAGE_NAME "iris"
| #define PACKAGE_TARNAME "iris"
| #define PACKAGE_VERSION "0.1"
| #define PACKAGE_STRING "iris 0.1"
| #define PACKAGE_BUGREPORT ""
| #define PACKAGE_URL ""
| #define PACKAGE "iris"
| #define VERSION "0.1"
| #define GETTEXT_PACKAGE "iris"
| /* end confdefs.h.  */
| #include <ac_nonexistent.h>
configure:4418: checking for grep that handles long lines and -e
configure:4476: result: /bin/grep
configure:4481: checking for egrep
configure:4543: result: /bin/grep -E
configure:4548: checking for ANSI C header files
configure:4568: gcc -c -g -O0  conftest.c >&5
configure:4568: $? = 0
configure:4641: gcc -o conftest -g -O0   conftest.c  >&5
configure:4641: $? = 0
configure:4641: ./conftest
configure:4641: $? = 0
configure:4652: result: yes
configure:4665: checking for sys/types.h
configure:4665: gcc -c -g -O0  conftest.c >&5
configure:4665: $? = 0
configure:4665: result: yes
configure:4665: checking for sys/stat.h
configure:4665: gcc -c -g -O0  conftest.c >&5
configure:4665: $? = 0
configure:4665: result: yes
configure:4665: checking for stdlib.h
configure:4665: gcc -c -g -O0  conftest.c >&5
configure:4665: $? = 0
configure:4665: result: yes
configure:4665: checking for string.h
configure:4665: gcc -c -g -O0  conftest.c >&5
configure:4665: $? = 0
configure:4665: result: yes
configure:4665: checking for memory.h
configure:4665: gcc -c -g -O0  conftest.c >&5
configure:4665: $? = 0
configure:4665: result: yes
configure:4665: checking for strings.h
configure:4665: gcc -c -g -O0  conftest.c >&5
configure:4665: $? = 0
configure:4665: result: yes
configure:4665: checking for inttypes.h
configure:4665: gcc -c -g -O0  conftest.c >&5
configure:4665: $? = 0
configure:4665: result: yes
configure:4665: checking for stdint.h
configure:4665: gcc -c -g -O0  conftest.c >&5
configure:4665: $? = 0
configure:4665: result: yes
configure:4665: checking for unistd.h
configure:4665: gcc -c -g -O0  conftest.c >&5
configure:4665: $? = 0
configure:4665: result: yes
configure:4680: checking locale.h usability
configure:4680: gcc -c -g -O0  conftest.c >&5
configure:4680: $? = 0
configure:4680: result: yes
configure:4680: checking locale.h presence
configure:4680: gcc -E  conftest.c
configure:4680: $? = 0
configure:4680: result: yes
configure:4680: checking for locale.h
configure:4680: result: yes
configure:4691: checking for LC_MESSAGES
configure:4707: gcc -o conftest -g -O0   conftest.c  >&5
configure:4707: $? = 0
configure:4715: result: yes
configure:4732: checking libintl.h usability
configure:4732: gcc -c -g -O0  conftest.c >&5
configure:4732: $? = 0
configure:4732: result: yes
configure:4732: checking libintl.h presence
configure:4732: gcc -E  conftest.c
configure:4732: $? = 0
configure:4732: result: yes
configure:4732: checking for libintl.h
configure:4732: result: yes
configure:4740: checking for ngettext in libc
configure:4758: gcc -o conftest -g -O0   conftest.c  >&5
configure:4758: $? = 0
configure:4767: result: yes
configure:4771: checking for dgettext in libc
configure:4789: gcc -o conftest -g -O0   conftest.c  >&5
configure:4789: $? = 0
configure:4798: result: yes
configure:4805: checking for bind_textdomain_codeset
configure:4805: gcc -o conftest -g -O0   conftest.c  >&5
configure:4805: $? = 0
configure:4805: result: yes
configure:5081: checking for msgfmt
configure:5108: result: /usr/bin/msgfmt
configure:5119: checking for dcgettext
configure:5119: gcc -o conftest -g -O0   conftest.c   >&5
conftest.c:49:6: warning: conflicting types for built-in function 'dcgettext' [enabled by default]
configure:5119: $? = 0
configure:5119: result: yes
configure:5129: checking if msgfmt accepts -c
configure:5144: $MSGFMT -c -o /dev/null conftest.foo
configure:5147: $? = 0
configure:5149: result: yes
configure:5159: checking for gmsgfmt
configure:5190: result: /usr/bin/msgfmt
configure:5200: checking for xgettext
configure:5227: result: /usr/bin/xgettext
configure:5246: gcc -o conftest -g -O0   conftest.c   >&5
configure:5246: $? = 0
configure:5382: checking whether NLS is requested
configure:5391: result: yes
configure:5406: checking for intltool >= 0.35.0
configure:5413: result: 0.41.1 found
configure:5421: checking for intltool-update
configure:5439: found /usr/bin/intltool-update
configure:5451: result: /usr/bin/intltool-update
configure:5461: checking for intltool-merge
configure:5479: found /usr/bin/intltool-merge
configure:5491: result: /usr/bin/intltool-merge
configure:5501: checking for intltool-extract
configure:5519: found /usr/bin/intltool-extract
configure:5531: result: /usr/bin/intltool-extract
configure:5662: checking for xgettext
configure:5692: result: /usr/bin/xgettext
configure:5702: checking for msgmerge
configure:5720: found /usr/bin/msgmerge
configure:5732: result: /usr/bin/msgmerge
configure:5742: checking for msgfmt
configure:5772: result: /usr/bin/msgfmt
configure:5782: checking for gmsgfmt
configure:5813: result: /usr/bin/msgfmt
configure:5833: checking for perl
configure:5851: found /usr/bin/perl
configure:5863: result: /usr/bin/perl
configure:5874: checking for perl >= 5.8.1
configure:5881: result: 5.12.4
configure:5885: checking for XML::Parser
configure:5888: result: ok
configure:5971: checking build system type
configure:5985: result: x86_64-unknown-linux-gnu
configure:6005: checking host system type
configure:6018: result: x86_64-unknown-linux-gnu
configure:6059: checking how to print strings
configure:6086: result: printf
configure:6107: checking for a sed that does not truncate output
configure:6171: result: /bin/sed
configure:6189: checking for fgrep
configure:6251: result: /bin/grep -F
configure:6286: checking for ld used by gcc
configure:6353: result: /usr/bin/ld
configure:6360: checking if the linker (/usr/bin/ld) is GNU ld
configure:6375: result: yes
configure:6387: checking for BSD- or MS-compatible name lister (nm)
configure:6436: result: /usr/bin/nm -B
configure:6566: checking the name lister (/usr/bin/nm -B) interface
configure:6573: gcc -c -g -O0  conftest.c >&5
configure:6576: /usr/bin/nm -B "conftest.o"
configure:6579: output
0000000000000000 B some_variable
configure:6586: result: BSD nm
configure:6589: checking whether ln -s works
configure:6593: result: yes
configure:6601: checking the maximum length of command line arguments
configure:6726: result: 1572864
configure:6743: checking whether the shell understands some XSI constructs
configure:6753: result: yes
configure:6757: checking whether the shell understands "+="
configure:6763: result: yes
configure:6798: checking how to convert x86_64-unknown-linux-gnu file names to x86_64-unknown-linux-gnu format
configure:6838: result: func_convert_file_noop
configure:6845: checking how to convert x86_64-unknown-linux-gnu file names to toolchain format
configure:6865: result: func_convert_file_noop
configure:6872: checking for /usr/bin/ld option to reload object files
configure:6879: result: -r
configure:6953: checking for objdump
configure:6969: found /usr/bin/objdump
configure:6980: result: objdump
configure:7012: checking how to recognize dependent libraries
configure:7214: result: pass_all
configure:7299: checking for dlltool
configure:7329: result: no
configure:7359: checking how to associate runtime and link libraries
configure:7386: result: printf %s\n
configure:7446: checking for ar
configure:7462: found /usr/bin/ar
configure:7473: result: ar
configure:7510: checking for archiver @FILE support
configure:7527: gcc -c -g -O0  conftest.c >&5
configure:7527: $? = 0
configure:7530: ar cru libconftest.a @conftest.lst >&5
configure:7533: $? = 0
configure:7538: ar cru libconftest.a @conftest.lst >&5
ar: conftest.o: No such file or directory
configure:7541: $? = 1
configure:7553: result: @
configure:7611: checking for strip
configure:7627: found /usr/bin/strip
configure:7638: result: strip
configure:7710: checking for ranlib
configure:7726: found /usr/bin/ranlib
configure:7737: result: ranlib
configure:7839: checking command to parse /usr/bin/nm -B output from gcc object
configure:7958: gcc -c -g -O0  conftest.c >&5
configure:7961: $? = 0
configure:7965: /usr/bin/nm -B conftest.o \| sed -n -e 's/^.*[ ]\([ABCDGIRSTW][ABCDGIRSTW]*\)[ ][ ]*\([_A-Za-z][_A-Za-z0-9]*\)$/\1 \2 \2/p' | sed '/ __gnu_lto/d' \> conftest.nm
configure:7968: $? = 0
configure:8034: gcc -o conftest -g -O0   conftest.c conftstm.o >&5
configure:8037: $? = 0
configure:8075: result: ok
configure:8112: checking for sysroot
configure:8142: result: no
configure:8219: gcc -c -g -O0  conftest.c >&5
configure:8222: $? = 0
configure:8385: checking for mt
configure:8415: result: no
configure:8435: checking if : is a manifest tool
configure:8441: : '-?'
configure:8449: result: no
configure:9078: checking for dlfcn.h
configure:9078: gcc -c -g -O0  conftest.c >&5
configure:9078: $? = 0
configure:9078: result: yes
configure:9276: checking for objdir
configure:9291: result: .libs
configure:9558: checking if gcc supports -fno-rtti -fno-exceptions
configure:9576: gcc -c -g -O0  -fno-rtti -fno-exceptions conftest.c >&5
cc1: warning: command line option '-fno-rtti' is valid for C++/ObjC++ but not for C [enabled by default]
configure:9580: $? = 0
configure:9593: result: no
configure:9903: checking for gcc option to produce PIC
configure:9910: result: -fPIC -DPIC
configure:9918: checking if gcc PIC flag -fPIC -DPIC works
configure:9936: gcc -c -g -O0  -fPIC -DPIC -DPIC conftest.c >&5
configure:9940: $? = 0
configure:9953: result: yes
configure:9982: checking if gcc static flag -static works
configure:10010: result: no
configure:10025: checking if gcc supports -c -o file.o
configure:10046: gcc -c -g -O0  -o out/conftest2.o conftest.c >&5
configure:10050: $? = 0
configure:10072: result: yes
configure:10080: checking if gcc supports -c -o file.o
configure:10127: result: yes
configure:10160: checking whether the gcc linker (/usr/bin/ld -m elf_x86_64) supports shared libraries
configure:11318: result: yes
configure:11355: checking whether -lc should be explicitly linked in
configure:11363: gcc -c -g -O0  conftest.c >&5
configure:11366: $? = 0
configure:11381: gcc -shared  -fPIC -DPIC conftest.o  -v -Wl,-soname -Wl,conftest -o conftest 2\>\&1 \| /bin/grep  -lc  \>/dev/null 2\>\&1
configure:11384: $? = 0
configure:11398: result: no
configure:11563: checking dynamic linker characteristics
configure:12077: gcc -o conftest -g -O0   -Wl,-rpath -Wl,/foo conftest.c  >&5
configure:12077: $? = 0
configure:12303: result: GNU/Linux ld.so
configure:12410: checking how to hardcode library paths into programs
configure:12435: result: immediate
configure:12975: checking whether stripping libraries is possible
configure:12980: result: yes
configure:13015: checking if libtool supports shared libraries
configure:13017: result: yes
configure:13020: checking whether to build shared libraries
configure:13041: result: yes
configure:13044: checking whether to build static libraries
configure:13048: result: yes
configure:13071: checking how to run the C++ preprocessor
configure:13098: g++ -E  conftest.cpp
configure:13098: $? = 0
configure:13112: g++ -E  conftest.cpp
conftest.cpp:30:28: fatal error: ac_nonexistent.h: No such file or directory
compilation terminated.
configure:13112: $? = 1
configure: failed program was:
| /* confdefs.h */
| #define PACKAGE_NAME "iris"
| #define PACKAGE_TARNAME "iris"
| #define PACKAGE_VERSION "0.1"
| #define PACKAGE_STRING "iris 0.1"
| #define PACKAGE_BUGREPORT ""
| #define PACKAGE_URL ""
| #define PACKAGE "iris"
| #define VERSION "0.1"
| #define GETTEXT_PACKAGE "iris"
| #define STDC_HEADERS 1
| #define HAVE_SYS_TYPES_H 1
| #define HAVE_SYS_STAT_H 1
| #define HAVE_STDLIB_H 1
| #define HAVE_STRING_H 1
| #define HAVE_MEMORY_H 1
| #define HAVE_STRINGS_H 1
| #define HAVE_INTTYPES_H 1
| #define HAVE_STDINT_H 1
| #define HAVE_UNISTD_H 1
| #define HAVE_LOCALE_H 1
| #define HAVE_LC_MESSAGES 1
| #define HAVE_BIND_TEXTDOMAIN_CODESET 1
| #define HAVE_GETTEXT 1
| #define HAVE_DCGETTEXT 1
| #define ENABLE_NLS 1
| #define HAVE_DLFCN_H 1
| #define LT_OBJDIR ".libs/"
| /* end confdefs.h.  */
| #include <ac_nonexistent.h>
configure:13137: result: g++ -E
configure:13157: g++ -E  conftest.cpp
configure:13157: $? = 0
configure:13171: g++ -E  conftest.cpp
conftest.cpp:30:28: fatal error: ac_nonexistent.h: No such file or directory
compilation terminated.
configure:13171: $? = 1
configure: failed program was:
| /* confdefs.h */
| #define PACKAGE_NAME "iris"
| #define PACKAGE_TARNAME "iris"
| #define PACKAGE_VERSION "0.1"
| #define PACKAGE_STRING "iris 0.1"
| #define PACKAGE_BUGREPORT ""
| #define PACKAGE_URL ""
| #define PACKAGE "iris"
| #define VERSION "0.1"
| #define GETTEXT_PACKAGE "iris"
| #define STDC_HEADERS 1
| #define HAVE_SYS_TYPES_H 1
| #define HAVE_SYS_STAT_H 1
| #define HAVE_STDLIB_H 1
| #define HAVE_STRING_H 1
| #define HAVE_MEMORY_H 1
| #define HAVE_STRINGS_H 1
| #define HAVE_INTTYPES_H 1
| #define HAVE_STDINT_H 1
| #define HAVE_UNISTD_H 1
| #define HAVE_LOCALE_H 1
| #define HAVE_LC_MESSAGES 1
| #define HAVE_BIND_TEXTDOMAIN_CODESET 1
| #define HAVE_GETTEXT 1
| #define HAVE_DCGETTEXT 1
| #define ENABLE_NLS 1
| #define HAVE_DLFCN_H 1
| #define LT_OBJDIR ".libs/"
| /* end confdefs.h.  */
| #include <ac_nonexistent.h>
configure:13341: checking for ld used by g++
configure:13408: result: /usr/bin/ld -m elf_x86_64
configure:13415: checking if the linker (/usr/bin/ld -m elf_x86_64) is GNU ld
configure:13430: result: yes
configure:13485: checking whether the g++ linker (/usr/bin/ld -m elf_x86_64) supports shared libraries
configure:14489: result: yes
configure:14524: g++ -c -g -O0  conftest.cpp >&5
configure:14527: $? = 0
configure:15047: checking for g++ option to produce PIC
configure:15054: result: -fPIC -DPIC
configure:15062: checking if g++ PIC flag -fPIC -DPIC works
configure:15080: g++ -c -g -O0  -fPIC -DPIC -DPIC conftest.cpp >&5
configure:15084: $? = 0
configure:15097: result: yes
configure:15120: checking if g++ static flag -static works
configure:15148: result: no
configure:15160: checking if g++ supports -c -o file.o
configure:15181: g++ -c -g -O0  -o out/conftest2.o conftest.cpp >&5
configure:15185: $? = 0
configure:15207: result: yes
configure:15212: checking if g++ supports -c -o file.o
configure:15259: result: yes
configure:15289: checking whether the g++ linker (/usr/bin/ld -m elf_x86_64) supports shared libraries
configure:15323: result: yes
configure:15466: checking dynamic linker characteristics
configure:16140: result: GNU/Linux ld.so
configure:16193: checking how to hardcode library paths into programs
configure:16218: result: immediate
configure:16427: creating ./config.status

## ---------------------- ##
## Running config.status. ##
## ---------------------- ##

This file was extended by iris config.status 0.1, which was
generated by GNU Autoconf 2.68.  Invocation command line was

  CONFIG_FILES    = 
  CONFIG_HEADERS  = 
  CONFIG_LINKS    = 
  CONFIG_COMMANDS = 
  $ ./config.status 

on Renderman

config.status:1227: creating Makefile
config.status:1227: creating src/Makefile
config.status:1227: creating po/Makefile.in
config.status:1227: creating config.h
config.status:1441: executing depfiles commands
config.status:1441: executing default-1 commands
config.status:1441: executing libtool commands
config.status:1441: executing po/stamp-it commands

## ---------------- ##
## Cache variables. ##
## ---------------- ##

ac_cv_build=x86_64-unknown-linux-gnu
ac_cv_c_compiler_gnu=yes
ac_cv_cxx_compiler_gnu=yes
ac_cv_env_CCC_set=
ac_cv_env_CCC_value=
ac_cv_env_CC_set=
ac_cv_env_CC_value=
ac_cv_env_CFLAGS_set=set
ac_cv_env_CFLAGS_value='-g -O0'
ac_cv_env_CPPFLAGS_set=
ac_cv_env_CPPFLAGS_value=
ac_cv_env_CPP_set=
ac_cv_env_CPP_value=
ac_cv_env_CXXCPP_set=
ac_cv_env_CXXCPP_value=
ac_cv_env_CXXFLAGS_set=set
ac_cv_env_CXXFLAGS_value='-g -O0'
ac_cv_env_CXX_set=
ac_cv_env_CXX_value=
ac_cv_env_LDFLAGS_set=
ac_cv_env_LDFLAGS_value=
ac_cv_env_LIBS_set=
ac_cv_env_LIBS_value=
ac_cv_env_build_alias_set=
ac_cv_env_build_alias_value=
ac_cv_env_host_alias_set=
ac_cv_env_host_alias_value=
ac_cv_env_target_alias_set=
ac_cv_env_target_alias_value=
ac_cv_func_bind_textdomain_codeset=yes
ac_cv_func_dcgettext=yes
ac_cv_header_dlfcn_h=yes
ac_cv_header_inttypes_h=yes
ac_cv_header_libintl_h=yes
ac_cv_header_locale_h=yes
ac_cv_header_memory_h=yes
ac_cv_header_stdc=yes
ac_cv_header_stdint_h=yes
ac_cv_header_stdlib_h=yes
ac_cv_header_string_h=yes
ac_cv_header_strings_h=yes
ac_cv_header_sys_stat_h=yes
ac_cv_header_sys_types_h=yes
ac_cv_header_unistd_h=yes
ac_cv_host=x86_64-unknown-linux-gnu
ac_cv_objext=o
ac_cv_path_EGREP='/bin/grep -E'
ac_cv_path_FGREP='/bin/grep -F'
ac_cv_path_GMSGFMT=/usr/bin/msgfmt
ac_cv_path_GREP=/bin/grep
ac_cv_path_INTLTOOL_EXTRACT=/usr/bin/intltool-extract
ac_cv_path_INTLTOOL_MERGE=/usr/bin/intltool-merge
ac_cv_path_INTLTOOL_PERL=/usr/bin/perl
ac_cv_path_INTLTOOL_UPDATE=/usr/bin/intltool-update
ac_cv_path_MSGFMT=/usr/bin/msgfmt
ac_cv_path_MSGMERGE=/usr/bin/msgmerge
ac_cv_path_SED=/bin/sed
ac_cv_path_XGETTEXT=/usr/bin/xgettext
ac_cv_path_install='/usr/bin/install -c'
ac_cv_path_mkdir=/bin/mkdir
ac_cv_prog_AWK=gawk
ac_cv_prog_CPP='gcc -E'
ac_cv_prog_CXXCPP='g++ -E'
ac_cv_prog_ac_ct_AR=ar
ac_cv_prog_ac_ct_CC=gcc
ac_cv_prog_ac_ct_CXX=g++
ac_cv_prog_ac_ct_OBJDUMP=objdump
ac_cv_prog_ac_ct_RANLIB=ranlib
ac_cv_prog_ac_ct_STRIP=strip
ac_cv_prog_cc_c89=
ac_cv_prog_cc_g=yes
ac_cv_prog_cxx_g=yes
ac_cv_prog_make_make_set=yes
am_cv_CC_dependencies_compiler_type=gcc3
am_cv_CXX_dependencies_compiler_type=gcc3
am_cv_val_LC_MESSAGES=yes
gt_cv_func_dgettext_libc=yes
gt_cv_func_dgettext_libintl=no
gt_cv_func_ngettext_libc=yes
gt_cv_have_gettext=yes
lt_cv_ar_at_file=@
lt_cv_archive_cmds_need_lc=no
lt_cv_deplibs_check_method=pass_all
lt_cv_file_magic_cmd='$MAGIC_CMD'
lt_cv_file_magic_test_file=
lt_cv_ld_reload_flag=-r
lt_cv_nm_interface='BSD nm'
lt_cv_objdir=.libs
lt_cv_path_LD=/usr/bin/ld
lt_cv_path_LDCXX='/usr/bin/ld -m elf_x86_64'
lt_cv_path_NM='/usr/bin/nm -B'
lt_cv_path_mainfest_tool=no
lt_cv_prog_compiler_c_o=yes
lt_cv_prog_compiler_c_o_CXX=yes
lt_cv_prog_compiler_pic='-fPIC -DPIC'
lt_cv_prog_compiler_pic_CXX='-fPIC -DPIC'
lt_cv_prog_compiler_pic_works=yes
lt_cv_prog_compiler_pic_works_CXX=yes
lt_cv_prog_compiler_rtti_exceptions=no
lt_cv_prog_compiler_static_works=no
lt_cv_prog_compiler_static_works_CXX=no
lt_cv_prog_gnu_ld=yes
lt_cv_prog_gnu_ldcxx=yes
lt_cv_sharedlib_from_linklib_cmd='printf %s\n'
lt_cv_shlibpath_overrides_runpath=no
lt_cv_sys_global_symbol_pipe='sed -n -e '\''s/^.*[	 ]\([ABCDGIRSTW][ABCDGIRSTW]*\)[	 ][	 ]*\([_A-Za-z][_A-Za-z0-9]*\)$/\1 \2 \2/p'\'' | sed '\''/ __gnu_lto/d'\'''
lt_cv_sys_global_symbol_to_c_name_address='sed -n -e '\''s/^: \([^ ]*\)[ ]*$/  {\"\1\", (void *) 0},/p'\'' -e '\''s/^[ABCDGIRSTW]* \([^ ]*\) \([^ ]*\)$/  {"\2", (void *) \&\2},/p'\'''
lt_cv_sys_global_symbol_to_c_name_address_lib_prefix='sed -n -e '\''s/^: \([^ ]*\)[ ]*$/  {\"\1\", (void *) 0},/p'\'' -e '\''s/^[ABCDGIRSTW]* \([^ ]*\) \(lib[^ ]*\)$/  {"\2", (void *) \&\2},/p'\'' -e '\''s/^[ABCDGIRSTW]* \([^ ]*\) \([^ ]*\)$/  {"lib\2", (void *) \&\2},/p'\'''
lt_cv_sys_global_symbol_to_cdecl='sed -n -e '\''s/^T .* \(.*\)$/extern int \1();/p'\'' -e '\''s/^[ABCDGIRSTW]* .* \(.*\)$/extern char \1;/p'\'''
lt_cv_sys_max_cmd_len=1572864
lt_cv_to_host_file_cmd=func_convert_file_noop
lt_cv_to_tool_file_cmd=func_convert_file_noop

## ----------------- ##
## Output variables. ##
## ----------------- ##

ACLOCAL='${SHELL} /home/avishek/iris/missing --run aclocal-1.11'
ALL_LINGUAS=''
AMDEPBACKSLASH='\'
AMDEP_FALSE='#'
AMDEP_TRUE=''
AMTAR='${SHELL} /home/avishek/iris/missing --run tar'
AM_BACKSLASH='\'
AM_DEFAULT_VERBOSITY='0'
AR='ar'
AUTOCONF='${SHELL} /home/avishek/iris/missing --run autoconf'
AUTOHEADER='${SHELL} /home/avishek/iris/missing --run autoheader'
AUTOMAKE='${SHELL} /home/avishek/iris/missing --run automake-1.11'
AWK='gawk'
CATALOGS=''
CATOBJEXT='.gmo'
CC='gcc'
CCDEPMODE='depmode=gcc3'
CFLAGS='-g -O0'
CPP='gcc -E'
CPPFLAGS=''
CXX='g++'
CXXCPP='g++ -E'
CXXDEPMODE='depmode=gcc3'
CXXFLAGS='-g -O0'
CYGPATH_W='echo'
DATADIRNAME='share'
DEFS='-DHAVE_CONFIG_H'
DEPDIR='.deps'
DLLTOOL='false'
DSYMUTIL=''
DUMPBIN=''
ECHO_C=''
ECHO_N='-n'
ECHO_T=''
EGREP='/bin/grep -E'
EXEEXT=''
FGREP='/bin/grep -F'
GETTEXT_PACKAGE='iris'
GMOFILES=''
GMSGFMT='/usr/bin/msgfmt'
GREP='/bin/grep'
INSTALL_DATA='${INSTALL} -m 644'
INSTALL_PROGRAM='${INSTALL}'
INSTALL_SCRIPT='${INSTALL}'
INSTALL_STRIP_PROGRAM='$(install_sh) -c -s'
INSTOBJEXT='.mo'
INTLLIBS=''
INTLTOOL_CAVES_RULE='%.caves:     %.caves.in     $(INTLTOOL_MERGE) $(wildcard $(top_srcdir)/po/*.po) ; LC_ALL=C $(INTLTOOL_MERGE) -d -u -c $(top_builddir)/po/.intltool-merge-cache $(top_srcdir)/po $< $@'
INTLTOOL_DESKTOP_RULE='%.desktop:   %.desktop.in   $(INTLTOOL_MERGE) $(wildcard $(top_srcdir)/po/*.po) ; LC_ALL=C $(INTLTOOL_MERGE) -d -u -c $(top_builddir)/po/.intltool-merge-cache $(top_srcdir)/po $< $@'
INTLTOOL_DIRECTORY_RULE='%.directory: %.directory.in $(INTLTOOL_MERGE) $(wildcard $(top_srcdir)/po/*.po) ; LC_ALL=C $(INTLTOOL_MERGE) -d -u -c $(top_builddir)/po/.intltool-merge-cache $(top_srcdir)/po $< $@'
INTLTOOL_EXTRACT='/usr/bin/intltool-extract'
INTLTOOL_KBD_RULE='%.kbd:       %.kbd.in       $(INTLTOOL_MERGE) $(wildcard $(top_srcdir)/po/*.po) ; LC_ALL=C $(INTLTOOL_MERGE) -x -u -m -c $(top_builddir)/po/.intltool-merge-cache $(top_srcdir)/po $< $@'
INTLTOOL_KEYS_RULE='%.keys:      %.keys.in      $(INTLTOOL_MERGE) $(wildcard $(top_srcdir)/po/*.po) ; LC_ALL=C $(INTLTOOL_MERGE) -k -u -c $(top_builddir)/po/.intltool-merge-cache $(top_srcdir)/po $< $@'
INTLTOOL_MERGE='/usr/bin/intltool-merge'
INTLTOOL_OAF_RULE='%.oaf:       %.oaf.in       $(INTLTOOL_MERGE) $(wildcard $(top_srcdir)/po/*.po) ; LC_ALL=C $(INTLTOOL_MERGE) -o -p $(top_srcdir)/po $< $@'
INTLTOOL_PERL='/usr/bin/perl'
INTLTOOL_POLICY_RULE='%.policy:    %.policy.in    $(INTLTOOL_MERGE) $(wildcard $(top_srcdir)/po/*.po) ; LC_ALL=C $(INTLTOOL_MERGE) -x -u -c $(top_builddir)/po/.intltool-merge-cache $(top_srcdir)/po $< $@'
INTLTOOL_PONG_RULE='%.pong:      %.pong.in      $(INTLTOOL_MERGE) $(wildcard $(top_srcdir)/po/*.po) ; LC_ALL=C $(INTLTOOL_MERGE) -x -u -c $(top_builddir)/po/.intltool-merge-cache $(top_srcdir)/po $< $@'
INTLTOOL_PROP_RULE='%.prop:      %.prop.in      $(INTLTOOL_MERGE) $(wildcard $(top_srcdir)/po/*.po) ; LC_ALL=C $(INTLTOOL_MERGE) -d -u -c $(top_builddir)/po/.intltool-merge-cache $(top_srcdir)/po $< $@'
INTLTOOL_SCHEMAS_RULE='%.schemas:   %.schemas.in   $(INTLTOOL_MERGE) $(wildcard $(top_srcdir)/po/*.po) ; LC_ALL=C $(INTLTOOL_MERGE) -s -u -c $(top_builddir)/po/.intltool-merge-cache $(top_srcdir)/po $< $@'
INTLTOOL_SERVER_RULE='%.server:    %.server.in    $(INTLTOOL_MERGE) $(wildcard $(top_srcdir)/po/*.po) ; LC_ALL=C $(INTLTOOL_MERGE) -o -u -c $(top_builddir)/po/.intltool-merge-cache $(top_srcdir)/po $< $@'
INTLTOOL_SERVICE_RULE='%.service: %.service.in   $(INTLTOOL_MERGE) $(wildcard $(top_srcdir)/po/*.po) ; LC_ALL=C $(INTLTOOL_MERGE) -d -u -c $(top_builddir)/po/.intltool-merge-cache $(top_srcdir)/po $< $@'
INTLTOOL_SHEET_RULE='%.sheet:     %.sheet.in     $(INTLTOOL_MERGE) $(wildcard $(top_srcdir)/po/*.po) ; LC_ALL=C $(INTLTOOL_MERGE) -x -u -c $(top_builddir)/po/.intltool-merge-cache $(top_srcdir)/po $< $@'
INTLTOOL_SOUNDLIST_RULE='%.soundlist: %.soundlist.in $(INTLTOOL_MERGE) $(wildcard $(top_srcdir)/po/*.po) ; LC_ALL=C $(INTLTOOL_MERGE) -d -u -c $(top_builddir)/po/.intltool-merge-cache $(top_srcdir)/po $< $@'
INTLTOOL_THEME_RULE='%.theme:     %.theme.in     $(INTLTOOL_MERGE) $(wildcard $(top_srcdir)/po/*.po) ; LC_ALL=C $(INTLTOOL_MERGE) -d -u -c $(top_builddir)/po/.intltool-merge-cache $(top_srcdir)/po $< $@'
INTLTOOL_UI_RULE='%.ui:        %.ui.in        $(INTLTOOL_MERGE) $(wildcard $(top_srcdir)/po/*.po) ; LC_ALL=C $(INTLTOOL_MERGE) -x -u -c $(top_builddir)/po/.intltool-merge-cache $(top_srcdir)/po $< $@'
INTLTOOL_UPDATE='/usr/bin/intltool-update'
INTLTOOL_XAM_RULE='%.xam:       %.xml.in       $(INTLTOOL_MERGE) $(wildcard $(top_srcdir)/po/*.po) ; LC_ALL=C $(INTLTOOL_MERGE) -x -u -c $(top_builddir)/po/.intltool-merge-cache $(top_srcdir)/po $< $@'
INTLTOOL_XML_NOMERGE_RULE='%.xml:       %.xml.in       $(INTLTOOL_MERGE) ; LC_ALL=C $(INTLTOOL_MERGE) -x -u /tmp $< $@'
INTLTOOL_XML_RULE='%.xml:       %.xml.in       $(INTLTOOL_MERGE) $(wildcard $(top_srcdir)/po/*.po) ; LC_ALL=C $(INTLTOOL_MERGE) -x -u -c $(top_builddir)/po/.intltool-merge-cache $(top_srcdir)/po $< $@'
LD='/usr/bin/ld -m elf_x86_64'
LDFLAGS=''
LIBOBJS=''
LIBS=''
LIBTOOL='$(SHELL) $(top_builddir)/libtool'
LIPO=''
LN_S='ln -s'
LTLIBOBJS=''
MAINT=''
MAINTAINER_MODE_FALSE='#'
MAINTAINER_MODE_TRUE=''
MAKEINFO='${SHELL} /home/avishek/iris/missing --run makeinfo'
MANIFEST_TOOL=':'
MKDIR_P='/bin/mkdir -p'
MKINSTALLDIRS='/home/avishek/iris/mkinstalldirs'
MSGFMT='/usr/bin/msgfmt'
MSGFMT_OPTS='-c'
MSGMERGE='/usr/bin/msgmerge'
NM='/usr/bin/nm -B'
NMEDIT=''
OBJDUMP='objdump'
OBJEXT='o'
OTOOL64=''
OTOOL=''
PACKAGE='iris'
PACKAGE_BUGREPORT=''
PACKAGE_NAME='iris'
PACKAGE_STRING='iris 0.1'
PACKAGE_TARNAME='iris'
PACKAGE_URL=''
PACKAGE_VERSION='0.1'
PATH_SEPARATOR=':'
POFILES=''
POSUB='po'
PO_IN_DATADIR_FALSE=''
PO_IN_DATADIR_TRUE=''
RANLIB='ranlib'
SED='/bin/sed'
SET_MAKE=''
SHELL='/bin/sh'
STRIP='strip'
USE_NLS='yes'
VERSION='0.1'
XGETTEXT='/usr/bin/xgettext'
ac_ct_AR='ar'
ac_ct_CC='gcc'
ac_ct_CXX='g++'
ac_ct_DUMPBIN=''
am__EXEEXT_FALSE=''
am__EXEEXT_TRUE='#'
am__fastdepCC_FALSE='#'
am__fastdepCC_TRUE=''
am__fastdepCXX_FALSE='#'
am__fastdepCXX_TRUE=''
am__include='include'
am__isrc=' -I$(srcdir)'
am__leading_dot='.'
am__quote=''
am__tar='${AMTAR} chof - "$$tardir"'
am__untar='${AMTAR} xf -'
bindir='${exec_prefix}/bin'
build='x86_64-unknown-linux-gnu'
build_alias=''
build_cpu='x86_64'
build_os='linux-gnu'
build_vendor='unknown'
datadir='${datarootdir}'
datarootdir='${prefix}/share'
docdir='${datarootdir}/doc/${PACKAGE_TARNAME}'
dvidir='${docdir}'
exec_prefix='${prefix}'
host='x86_64-unknown-linux-gnu'
host_alias=''
host_cpu='x86_64'
host_os='linux-gnu'
host_vendor='unknown'
htmldir='${docdir}'
includedir='${prefix}/include'
infodir='${datarootdir}/info'
install_sh='${SHELL} /home/avishek/iris/install-sh'
libdir='${exec_prefix}/lib'
libexecdir='${exec_prefix}/libexec'
localedir='${datarootdir}/locale'
localstatedir='${prefix}/var'
mandir='${datarootdir}/man'
mkdir_p='/bin/mkdir -p'
oldincludedir='/usr/include'
pdfdir='${docdir}'
prefix='/usr/local'
program_transform_name='s,x,x,'
psdir='${docdir}'
sbindir='${exec_prefix}/sbin'
sharedstatedir='${prefix}/com'
sysconfdir='${prefix}/etc'
target_alias=''

## ----------- ##
## confdefs.h. ##
## ----------- ##

/* confdefs.h */
#define PACKAGE_NAME "iris"
#define PACKAGE_TARNAME "iris"
#define PACKAGE_VERSION "0.1"
#define PACKAGE_STRING "iris 0.1"
#define PACKAGE_BUGREPORT ""
#define PACKAGE_URL ""
#define PACKAGE "iris"
#define VERSION "0.1"
#define GETTEXT_PACKAGE "iris"
#define STDC_HEADERS 1
#define HAVE_SYS_TYPES_H 1
#define HAVE_SYS_STAT_H 1
#define HAVE_STDLIB_H 1
#define HAVE_STRING_H 1
#define HAVE_MEMORY_H 1
#define HAVE_STRINGS_H 1
#define HAVE_INTTYPES_H 1
#define HAVE_STDINT_H 1
#define HAVE_UNISTD_H 1
#define HAVE_LOCALE_H 1
#define HAVE_LC_MESSAGES 1
#define HAVE_BIND_TEXTDOMAIN_CODESET 1
#define HAVE_GETTEXT 1
#define HAVE_DCGETTEXT 1
#define ENABLE_NLS 1
#define HAVE_DLFCN_H 1
#define LT_OBJDIR ".libs/"

configure: exit 0

## ---------------------- ##
## Running config.status. ##
## ---------------------- ##

This file was extended by iris config.status 0.1, which was
generated by GNU Autoconf 2.68.  Invocation command line was

  CONFIG_FILES    = 
  CONFIG_HEADERS  = 
  CONFIG_LINKS    = 
  CONFIG_COMMANDS = 
  $ ./config.status src/Makefile depfiles

on Renderman

config.status:1227: creating src/Makefile
config.status:1441: executing depfiles commands
